0 info it worked if it ends with ok
1 verbose cli [ '/usr/local/bin/node', '/usr/local/bin/npm', 'start' ]
2 info using npm@2.15.5
3 info using node@v4.4.5
4 verbose run-script [ 'prestart', 'start', 'poststart' ]
5 info prestart icc-referral@0.0.1
6 verbose unsafe-perm in lifecycle true
7 info start icc-referral@0.0.1
8 verbose unsafe-perm in lifecycle true
9 info icc-referral@0.0.1 Failed to exec start script
10 verbose stack Error: icc-referral@0.0.1 start: `heatpack index.js`
10 verbose stack Exit status 1
10 verbose stack     at EventEmitter.<anonymous> (/usr/local/lib/node_modules/npm/lib/utils/lifecycle.js:217:16)
10 verbose stack     at emitTwo (events.js:87:13)
10 verbose stack     at EventEmitter.emit (events.js:172:7)
10 verbose stack     at ChildProcess.<anonymous> (/usr/local/lib/node_modules/npm/lib/utils/spawn.js:24:14)
10 verbose stack     at emitTwo (events.js:87:13)
10 verbose stack     at ChildProcess.emit (events.js:172:7)
10 verbose stack     at maybeClose (internal/child_process.js:827:16)
10 verbose stack     at Process.ChildProcess._handle.onexit (internal/child_process.js:211:5)
11 verbose pkgid icc-referral@0.0.1
12 verbose cwd /Users/smaharjan/Desktop/Git/ICC-Referral
13 error Darwin 14.5.0
14 error argv "/usr/local/bin/node" "/usr/local/bin/npm" "start"
15 error node v4.4.5
16 error npm  v2.15.5
17 error code ELIFECYCLE
18 error icc-referral@0.0.1 start: `heatpack index.js`
18 error Exit status 1
19 error Failed at the icc-referral@0.0.1 start script 'heatpack index.js'.
19 error This is most likely a problem with the icc-referral package,
19 error not with npm itself.
19 error Tell the author that this fails on your system:
19 error     heatpack index.js
19 error You can get information on how to open an issue for this project with:
19 error     npm bugs icc-referral
19 error Or if that isn't available, you can get their info via:
19 error
19 error     npm owner ls icc-referral
19 error There is likely additional logging output above.
20 verbose exit [ 1, true ]
